[    0.000000] Initializing cgroup subsys cpuset
[    0.000000] Initializing cgroup subsys cpu
[    0.000000] Initializing cgroup subsys cpuacct
[    0.000000] Linux version 4.4.0-97-generic (buildd@lcy01-33) (gcc version 5.4.0 20160609 (Ubuntu 5.4.0-6ubuntu1~16.04.4) ) #120-Ubuntu SMP Tue Sep 19 17:28:18 UTC 2017 (Ubuntu 4.4.0-97.120-generic 4.4.87)
[    0.000000] Command line: BOOT_IMAGE=/boot/vmlinuz-4.4.0-97-generic root=LABEL=cloudimg-rootfs ro console=tty1 console=ttyS0
[    0.000000] KERNEL supported cpus:
[    0.000000]   Intel GenuineIntel
[    0.000000]   AMD AuthenticAMD
[    0.000000]   Centaur CentaurHauls
[    0.000000] ------------[ cut here ]------------
[    0.000000] WARNING: CPU: 0 PID: 0 at /build/linux-Pcn0xK/linux-4.4.0/arch/x86/kernel/fpu/xstate.c:517 fpu__init_system_xstate+0x38b/0x75a()
[    0.000000] XSAVE consistency problem, dumping leaves
[    0.000000] Modules linked in:
[    0.000000] CPU: 0 PID: 0 Comm: swapper Not tainted 4.4.0-97-generic #120-Ubuntu
[    0.000000]  0000000000000086 838219ea94896868 ffffffff81e03d80 ffffffff813fabe3
[    0.000000]  ffffffff81e03dc8 ffffffff81caa640 ffffffff81e03db8 ffffffff810812e2
[    0.000000]  ffffffff81e03e48 ffffffff81e03e4c 0000000000000008 0000000000000100
[    0.000000] Call Trace:
[    0.000000]  [<ffffffff813fabe3>] dump_stack+0x63/0x90
[    0.000000]  [<ffffffff810812e2>] warn_slowpath_common+0x82/0xc0
[    0.000000]  [<ffffffff8108137c>] warn_slowpath_fmt+0x5c/0x80
[    0.000000]  [<ffffffff8107cff0>] ? xfeature_size+0x59/0x77
[    0.000000]  [<ffffffff81f6e20b>] fpu__init_system_xstate+0x38b/0x75a
[    0.000000]  [<ffffffff81f5e120>] ? early_idt_handler_array+0x120/0x120
[    0.000000]  [<ffffffff81f6db76>] fpu__init_system+0x10d/0x245
[    0.000000]  [<ffffffff81f6ec7f>] early_cpu_init+0x139/0x13e
[    0.000000]  [<ffffffff81f6ec7f>] ? early_cpu_init+0x139/0x13e
[    0.000000]  [<ffffffff81f6a181>] setup_arch+0xb4/0xcf6
[    0.000000]  [<ffffffff81f5e120>] ? early_idt_handler_array+0x120/0x120
[    0.000000]  [<ffffffff81f5ec74>] start_kernel+0xe4/0x4a2
[    0.000000]  [<ffffffff81f5e120>] ? early_idt_handler_array+0x120/0x120
[    0.000000]  [<ffffffff81f5e339>] x86_64_start_reservations+0x2a/0x2c
[    0.000000]  [<ffffffff81f5e485>] x86_64_start_kernel+0x14a/0x16d
[    0.000000] ---[ end trace 4d5ff9f2f68c4233 ]---
[    0.000000] CPUID[0d, 00]: eax=00000007 ebx=00000440 ecx=00000440 edx=00000000
[    0.000000] CPUID[0d, 01]: eax=00000000 ebx=000003c0 ecx=00000000 edx=00000000
[    0.000000] CPUID[0d, 02]: eax=00000100 ebx=00000240 ecx=00000000 edx=00000000
[    0.000000] CPUID[0d, 03]: eax=00000000 ebx=00000000 ecx=00000000 edx=00000000
[    0.000000] CPUID[0d, 04]: eax=00000000 ebx=00000000 ecx=00000000 edx=00000000
[    0.000000] CPUID[0d, 05]: eax=00000000 ebx=00000000 ecx=00000000 edx=00000000
[    0.000000] CPUID[0d, 06]: eax=00000000 ebx=00000000 ecx=00000000 edx=00000000
[    0.000000] CPUID[0d, 07]: eax=00000000 ebx=00000000 ecx=00000000 edx=00000000
[    0.000000] CPUID[0d, 08]: eax=00000000 ebx=00000000 ecx=00000000 edx=00000000
[    0.000000] CPUID[0d, 09]: eax=00000000 ebx=00000000 ecx=00000000 edx=00000000
[    0.000000] CPUID[0d, 0a]: eax=00000000 ebx=00000000 ecx=00000000 edx=00000000
[    0.000000] CPUID[0d, 0b]: eax=00000000 ebx=00000000 ecx=00000000 edx=00000000
[    0.000000] CPUID[0d, 0c]: eax=00000000 ebx=00000000 ecx=00000000 edx=00000000
[    0.000000] CPUID[0d, 0d]: eax=00000000 ebx=00000000 ecx=00000000 edx=00000000
[    0.000000] CPUID[0d, 0e]: eax=00000000 ebx=00000000 ecx=00000000 edx=00000000
[    0.000000] CPUID[0d, 0f]: eax=00000000 ebx=00000000 ecx=00000000 edx=00000000
[    0.000000] CPUID[0d, 10]: eax=00000000 ebx=00000000 ecx=00000000 edx=00000000
[    0.000000] CPUID[0d, 11]: eax=00000000 ebx=00000000 ecx=00000000 edx=00000000
[    0.000000] x86/fpu: xstate_offset[2]:  576, xstate_sizes[2]:  256
[    0.000000] x86/fpu: Supporting XSAVE feature 0x01: 'x87 floating point registers'
[    0.000000] x86/fpu: Supporting XSAVE feature 0x02: 'SSE registers'
[    0.000000] x86/fpu: Supporting XSAVE feature 0x04: 'AVX registers'
[    0.000000] x86/fpu: Enabled xstate features 0x7, context size is 1088 bytes, using 'standard' format.
[    0.000000] x86/fpu: Using 'lazy' FPU context switches.
[    0.000000] e820: BIOS-provided physical RAM map:
[    0.000000] BIOS-e820: [mem 0x0000000000000000-0x000000000009fbff] usable
[    0.000000] BIOS-e820: [mem 0x000000000009fc00-0x000000000009ffff] reserved
[    0.000000] BIOS-e820: [mem 0x00000000000f0000-0x00000000000fffff] reserved
[    0.000000] BIOS-e820: [mem 0x0000000000100000-0x00000000be5effff] usable
[    0.000000] BIOS-e820: [mem 0x00000000be5f0000-0x00000000be5fffff] ACPI data
[    0.000000] BIOS-e820: [mem 0x00000000fec00000-0x00000000fec00fff] reserved
[    0.000000] BIOS-e820: [mem 0x00000000fee00000-0x00000000fee00fff] reserved
[    0.000000] BIOS-e820: [mem 0x00000000fffc0000-0x00000000ffffffff] reserved
[    0.000000] NX (Execute Disable) protection: active
[    0.000000] SMBIOS 2.5 present.
[    0.000000] Hypervisor detected: KVM
[    0.000000] e820: last_pfn = 0xbe5f0 max_arch_pfn = 0x400000000
[    0.000000] MTRR: Disabled
[    0.000000] x86/PAT: MTRRs disabled, skipping PAT initialization too.
[    0.000000] CPU MTRRs all blank - virtualized system.
[    0.000000] x86/PAT: Configuration [0-7]: WB  WT  UC- UC  WB  WT  UC- UC  
[    0.000000] found SMP MP-table at [mem 0x0009fff0-0x0009ffff] mapped at [ffff88000009fff0]
[    0.000000] Scanning 1 areas for low memory corruption
[    0.000000] RAMDISK: [mem 0x36adc000-0x37565fff]
[    0.000000] ACPI: Early table checksum verification disabled
[    0.000000] ACPI: RSDP 0x00000000000E0000 000024 (v02 VBOX  )
[    0.000000] ACPI: XSDT 0x00000000BE5F0030 00003C (v01 VBOX   VBOXXSDT 00000001 ASL  00000061)
[    0.000000] ACPI: FACP 0x00000000BE5F00F0 0000F4 (v04 VBOX   VBOXFACP 00000001 ASL  00000061)
[    0.000000] ACPI: DSDT 0x00000000BE5F0470 0021FF (v02 VBOX   VBOXBIOS 00000002 INTL 20100528)
[    0.000000] ACPI: FACS 0x00000000BE5F0200 000040
[    0.000000] ACPI: FACS 0x00000000BE5F0200 000040
[    0.000000] ACPI: APIC 0x00000000BE5F0240 00005C (v02 VBOX   VBOXAPIC 00000001 ASL  00000061)
[    0.000000] ACPI: SSDT 0x00000000BE5F02A0 0001CC (v01 VBOX   VBOXCPUT 00000002 INTL 20100528)
[    0.000000] No NUMA configuration found
[    0.000000] Faking a node at [mem 0x0000000000000000-0x00000000be5effff]
[    0.000000] NODE_DATA(0) allocated [mem 0xbe5eb000-0xbe5effff]
[    0.000000] kvm-clock: Using msrs 4b564d01 and 4b564d00
[    0.000000] kvm-clock: cpu 0, msr 0:be5e3001, primary cpu clock
[    0.000000] kvm-clock: using sched offset of 3161228259 cycles
[    0.000000] clocksource: kvm-clock: mask: 0xffffffffffffffff max_cycles: 0x1cd42e4dffb, max_idle_ns: 881590591483 ns
[    0.000000] Zone ranges:
[    0.000000]   DMA      [mem 0x0000000000001000-0x0000000000ffffff]
[    0.000000]   DMA32    [mem 0x0000000001000000-0x00000000be5effff]
[    0.000000]   Normal   empty
[    0.000000]   Device   empty
[    0.000000] Movable zone start for each node
[    0.000000] Early memory node ranges
[    0.000000]   node   0: [mem 0x0000000000001000-0x000000000009efff]
[    0.000000]   node   0: [mem 0x0000000000100000-0x00000000be5effff]
[    0.000000] Initmem setup node 0 [mem 0x0000000000001000-0x00000000be5effff]
[    0.000000] ACPI: PM-Timer IO Port: 0x4008
[    0.000000] IOAPIC[0]: apic_id 2, version 32, address 0xfec00000, GSI 0-23
[    0.000000] ACPI: INT_SRC_OVR (bus 0 bus_irq 0 global_irq 2 dfl dfl)
[    0.000000] ACPI: INT_SRC_OVR (bus 0 bus_irq 9 global_irq 9 high level)
[    0.000000] Using ACPI (MADT) for SMP configuration information
[    0.000000] smpboot: Allowing 2 CPUs, 0 hotplug CPUs
[    0.000000] PM: Registered nosave memory: [mem 0x00000000-0x00000fff]
[    0.000000] PM: Registered nosave memory: [mem 0x0009f000-0x0009ffff]
[    0.000000] PM: Registered nosave memory: [mem 0x000a0000-0x000effff]
[    0.000000] PM: Registered nosave memory: [mem 0x000f0000-0x000fffff]
[    0.000000] e820: [mem 0xbe600000-0xfebfffff] available for PCI devices
[    0.000000] Booting paravirtualized kernel on KVM
[    0.000000] clocksource: refined-jiffies: mask: 0xffffffff max_cycles: 0xffffffff, max_idle_ns: 7645519600211568 ns
[    0.000000] setup_percpu: NR_CPUS:512 nr_cpumask_bits:512 nr_cpu_ids:2 nr_node_ids:1
[    0.000000] PERCPU: Embedded 34 pages/cpu @ffff8800be000000 s98328 r8192 d32744 u1048576
[    0.000000] PV qspinlock hash table entries: 256 (order: 0, 4096 bytes)
[    0.000000] Built 1 zonelists in Node order, mobility grouping on.  Total pages: 767457
[    0.000000] Policy zone: DMA32
[    0.000000] Kernel command line: BOOT_IMAGE=/boot/vmlinuz-4.4.0-97-generic root=LABEL=cloudimg-rootfs ro console=tty1 console=ttyS0
[    0.000000] PID hash table entries: 4096 (order: 3, 32768 bytes)
[    0.000000] Memory: 3039536K/3118648K available (8480K kernel code, 1294K rwdata, 3984K rodata, 1492K init, 1316K bss, 79112K reserved, 0K cma-reserved)
[    0.000000] SLUB: HWalign=64, Order=0-3, MinObjects=0, CPUs=2, Nodes=1
[    0.000000] Hierarchical RCU implementation.
[    0.000000] 	Build-time adjustment of leaf fanout to 64.
[    0.000000] 	RCU restricting CPUs from NR_CPUS=512 to nr_cpu_ids=2.
[    0.000000] RCU: Adjusting geometry for rcu_fanout_leaf=64, nr_cpu_ids=2
[    0.000000] NR_IRQS:33024 nr_irqs:440 16
[    0.000000] Console: colour VGA+ 80x25
[    0.000000] console [tty1] enabled
[    0.000000] console [ttyS0] enabled
[    0.000000] tsc: Detected 3695.998 MHz processor
[   11.209167] Calibrating delay loop (skipped) preset value.. 7391.99 BogoMIPS (lpj=14783992)
[   11.210556] pid_max: default: 32768 minimum: 301
[   11.211303] ACPI: Core revision 20150930
[   11.212722] ACPI: 2 ACPI AML tables successfully acquired and loaded
[   11.256406] Security Framework initialized
[   11.257082] Yama: becoming mindful.
[   11.257709] AppArmor: AppArmor initialized
[   11.259360] Dentry cache hash table entries: 524288 (order: 10, 4194304 bytes)
[   11.264055] Inode-cache hash table entries: 262144 (order: 9, 2097152 bytes)
[   11.305759] Mount-cache hash table entries: 8192 (order: 4, 65536 bytes)
[   11.327058] Mountpoint-cache hash table entries: 8192 (order: 4, 65536 bytes)
[   11.379054] Initializing cgroup subsys io
[   11.402118] Initializing cgroup subsys memory
[   11.402827] Initializing cgroup subsys devices
[   11.403541] Initializing cgroup subsys freezer
[   11.409188] Initializing cgroup subsys net_cls
[   11.430035] Initializing cgroup subsys perf_event
[   11.433009] Initializing cgroup subsys net_prio
[   11.433751] Initializing cgroup subsys hugetlb
[   11.434547] Initializing cgroup subsys pids
[   11.460285] CPU: Physical Processor ID: 0
[   11.460965] CPU: Processor Core ID: 0
[   11.462498] mce: CPU supports 0 MCE banks
[   11.469657] Last level iTLB entries: 4KB 64, 2MB 8, 4MB 8
[   11.470492] Last level dTLB entries: 4KB 64, 2MB 0, 4MB 0, 1GB 4
[   11.478971] Freeing SMP alternatives memory: 32K
[   11.513900] ftrace: allocating 32148 entries in 126 pages
[   11.590525] smpboot: APIC(0) Converting physical 0 to logical package 0
[   11.593286] smpboot: Max logical packages: 1
[   11.594430] x2apic enabled
[   11.605952] Switched APIC routing to physical x2apic.
[   11.622518] ..TIMER: vector=0x30 apic1=0 pin1=2 apic2=-1 pin2=-1
[   11.769037] smpboot: CPU0: Intel(R) Core(TM) i3-6100 CPU @ 3.70GHz (family: 0x6, model: 0x5e, stepping: 0x3)
[   11.812423] Performance Events: unsupported p6 CPU model 94 no PMU driver, software events only.
[   11.813918] KVM setup paravirtual spinlock
[   11.829545] x86: Booting SMP configuration:
[   11.831436] .... node  #0, CPUs:      #1
[   11.832177] kvm-clock: cpu 1, msr 0:be5e3041, secondary cpu clock
[   11.835302] mce: CPU supports 0 MCE banks
[   11.837747] x86: Booted up 1 node, 2 CPUs
[   11.842553] smpboot: Total of 2 processors activated (14783.99 BogoMIPS)
[   11.844077] devtmpfs: initialized
[   11.850088] evm: security.selinux
[   11.850832] evm: security.SMACK64
[   11.851560] evm: security.SMACK64EXEC
[   11.852355] evm: security.SMACK64TRANSMUTE
[   11.853170] evm: security.SMACK64MMAP
[   11.853933] evm: security.ima
[   11.854594] evm: security.capability
[   11.855508] clocksource: jiffies: mask: 0xffffffff max_cycles: 0xffffffff, max_idle_ns: 7645041785100000 ns
[   11.867676] futex hash table entries: 512 (order: 3, 32768 bytes)
[   11.875063] pinctrl core: initialized pinctrl subsystem
[   11.876154] RTC time:  9:35:43, date: 10/24/17
[   11.877192] NET: Registered protocol family 16
[   11.889670] cpuidle: using governor ladder
[   11.910304] cpuidle: using governor menu
[   11.918846] PCCT header not found.
[   11.919615] ACPI: bus type PCI registered
[   11.920420] acpiphp: ACPI Hot Plug PCI Controller Driver version: 0.5
[   11.921480] PCI: Using configuration type 1 for base access
[   11.938263] ACPI: Added _OSI(Module Device)
[   11.953040] ACPI: Added _OSI(Processor Device)
[   11.956066] ACPI: Added _OSI(3.0 _SCP Extensions)
[   11.956992] ACPI: Added _OSI(Processor Aggregator Device)
[   11.958676] ACPI: Executed 1 blocks of module-level executable AML code
[   11.965715] ACPI: Interpreter enabled
[   11.981563] ACPI: (supports S0 S5)
[   11.982297] ACPI: Using IOAPIC for interrupt routing
[   11.983405] PCI: Using host bridge windows from ACPI; if necessary, use "pci=nocrs" and report a bug
[   11.988376] ACPI: PCI Root Bridge [PCI0] (domain 0000 [bus 00-ff])
[   11.997629] acpi PNP0A03:00: _OSC: OS supports [ASPM ClockPM Segments MSI]
[   12.000383] acpi PNP0A03:00: _OSC: not requesting OS control; OS requires [ExtendedConfig ASPM ClockPM MSI]
[   12.005203] acpi PNP0A03:00: fail to add MMCONFIG information, can't access extended PCI configuration space under this bridge.
[   12.018113] PCI host bridge to bus 0000:00
[   12.045002] pci_bus 0000:00: root bus resource [io  0x0000-0x0cf7 window]
[   12.046010] pci_bus 0000:00: root bus resource [io  0x0d00-0xffff window]
[   12.047018] pci_bus 0000:00: root bus resource [mem 0x000a0000-0x000bffff window]
[   12.053996] pci_bus 0000:00: root bus resource [mem 0xbe600000-0xffdfffff window]
[   12.068554] pci_bus 0000:00: root bus resource [bus 00-ff]
[   12.071140] pci 0000:00:01.1: legacy IDE quirk: reg 0x10: [io  0x01f0-0x01f7]
[   12.075115] pci 0000:00:01.1: legacy IDE quirk: reg 0x14: [io  0x03f6]
[   12.085154] pci 0000:00:01.1: legacy IDE quirk: reg 0x18: [io  0x0170-0x0177]
[   12.095925] pci 0000:00:01.1: legacy IDE quirk: reg 0x1c: [io  0x0376]
[   12.123976] pci 0000:00:07.0: quirk: [io  0x4000-0x403f] claimed by PIIX4 ACPI
[   12.188969] pci 0000:00:07.0: quirk: [io  0x4100-0x410f] claimed by PIIX4 SMB
[   12.205867] ACPI: PCI Interrupt Link [LNKA] (IRQs 5 9 10 *11)
[   12.238229] ACPI: PCI Interrupt Link [LNKB] (IRQs 5 9 10 *11)
[   12.239456] ACPI: PCI Interrupt Link [LNKC] (IRQs 5 9 *10 11)
[   12.240669] ACPI: PCI Interrupt Link [LNKD] (IRQs 5 *9 10 11)
[   12.241986] ACPI: Enabled 2 GPEs in block 00 to 07
[   12.243011] vgaarb: setting as boot device: PCI:0000:00:02.0
[   12.252887] vgaarb: device added: PCI:0000:00:02.0,decodes=io+mem,owns=io+mem,locks=none
[   12.255492] vgaarb: loaded
[   12.256143] vgaarb: bridge control possible 0000:00:02.0
[   12.257353] SCSI subsystem initialized
[   12.258229] ACPI: bus type USB registered
[   12.266265] usbcore: registered new interface driver usbfs
[   12.268370] usbcore: registered new interface driver hub
[   12.269267] usbcore: registered new device driver usb
[   12.272195] PCI: Using ACPI for IRQ routing
[   12.273285] NetLabel: Initializing
[   12.274014] NetLabel:  domain hash size = 128
[   12.274752] NetLabel:  protocols = UNLABELED CIPSOv4
[   12.275693] NetLabel:  unlabeled traffic allowed by default
[   12.276666] amd_nb: Cannot enumerate AMD northbridges
[   12.282948] clocksource: Switched to clocksource kvm-clock
[   12.316184] AppArmor: AppArmor Filesystem Enabled
[   12.321237] pnp: PnP ACPI init
[   12.322329] pnp: PnP ACPI: found 3 devices
[   12.335833] clocksource: acpi_pm: mask: 0xffffff max_cycles: 0xffffff, max_idle_ns: 2085701024 ns
[   12.363761] NET: Registered protocol family 2
[   12.364787] TCP established hash table entries: 32768 (order: 6, 262144 bytes)
[   12.370028] TCP bind hash table entries: 32768 (order: 7, 524288 bytes)
[   12.379506] TCP: Hash tables configured (established 32768 bind 32768)
[   12.380664] UDP hash table entries: 2048 (order: 4, 65536 bytes)
[   12.381732] UDP-Lite hash table entries: 2048 (order: 4, 65536 bytes)
[   12.382889] NET: Registered protocol family 1
[   12.383773] pci 0000:00:00.0: Limiting direct PCI/PCI transfers
[   12.384844] pci 0000:00:01.0: Activating ISA DMA hang workarounds
[   12.386050] Unpacking initramfs...
[   13.873507] Freeing initrd memory: 10792K
[   13.911342] platform rtc_cmos: registered platform RTC device (no PNP device found)
[   14.094826] Scanning for low memory corruption every 60 seconds
[   14.134766] audit: initializing netlink subsys (disabled)
[   14.148213] audit: type=2000 audit(1508837738.528:1): initialized
[   14.164444] Initialise system trusted keyring
[   14.230268] HugeTLB registered 2 MB page size, pre-allocated 0 pages
[   14.324227] zbud: loaded
[   14.328296] VFS: Disk quotas dquot_6.6.0
[   14.357709] VFS: Dquot-cache hash table entries: 512 (order 0, 4096 bytes)
[   14.358944] squashfs: version 4.0 (2009/01/31) Phillip Lougher
[   14.360021] fuse init (API version 7.23)
[   14.360800] Key type big_key registered
[   14.361388] Allocating IMA MOK and blacklist keyrings.
[   14.363348] Key type asymmetric registered
[   14.419235] Asymmetric key parser 'x509' registered
[   14.481022] Block layer SCSI generic (bsg) driver version 0.4 loaded (major 249)
[   14.515766] io scheduler noop registered
[   14.539225] io scheduler deadline registered (default)
[   14.540256] io scheduler cfq registered
[   14.541143] pci_hotplug: PCI Hot Plug PCI Core version: 0.5
[   14.542181] pciehp: PCI Express Hot Plug Controller Driver version: 0.4
[   14.543491] ACPI: AC Adapter [AC] (on-line)
[   14.544392] input: Power Button as /devices/LNXSYSTM:00/LNXPWRBN:00/input/input0
[   14.545875] ACPI: Power Button [PWRF]
[   14.546749] input: Sleep Button as /devices/LNXSYSTM:00/LNXSLPBN:00/input/input1
[   14.548288] ACPI: Sleep Button [SLPF]
[   14.551259] GHES: HEST is not enabled!
[   14.552188] Serial: 8250/16550 driver, 32 ports, IRQ sharing enabled
[   14.575499] 00:02: ttyS0 at I/O 0x3f8 (irq = 4, base_baud = 115200) is a 16550A
[   14.593320] Linux agpgart interface v0.103
[   14.628433] loop: module loaded
[   14.640851] scsi host0: ata_piix
[   14.641708] scsi host1: ata_piix
[   14.642472] ata1: PATA max UDMA/33 cmd 0x1f0 ctl 0x3f6 bmdma 0xd000 irq 14
[   14.643700] ata2: PATA max UDMA/33 cmd 0x170 ctl 0x376 bmdma 0xd008 irq 15
[   14.655579] libphy: Fixed MDIO Bus: probed
[   14.656446] tun: Universal TUN/TAP device driver, 1.6
[   14.657414] tun: (C) 1999-2004 Max Krasnyansky <maxk@qualcomm.com>
[   14.658583] PPP generic driver version 2.4.2
[   14.711964] ehci_hcd: USB 2.0 'Enhanced' Host Controller (EHCI) Driver
[   14.724126] ehci-pci: EHCI PCI platform driver
[   14.726870] ehci-platform: EHCI generic platform driver
[   14.734771] ohci_hcd: USB 1.1 'Open' Host Controller (OHCI) Driver
[   14.750160] ohci-pci: OHCI PCI platform driver
[   14.751062] ohci-platform: OHCI generic platform driver
[   14.765784] uhci_hcd: USB Universal Host Controller Interface driver
[   14.767012] i8042: PNP: PS/2 Controller [PNP0303:PS2K,PNP0f03:PS2M] at 0x60,0x64 irq 1,12
[   14.769148] serio: i8042 KBD port at 0x60,0x64 irq 1
[   14.770088] serio: i8042 AUX port at 0x60,0x64 irq 12
[   14.771215] mousedev: PS/2 mouse device common for all mice
[   14.774387] input: AT Translated Set 2 keyboard as /devices/platform/i8042/serio0/input/input2
[   14.776496] rtc_cmos rtc_cmos: rtc core: registered rtc_cmos as rtc0
[   14.783713] rtc_cmos rtc_cmos: alarms up to one day, 114 bytes nvram
[   14.784862] i2c /dev entries driver
[   14.792211] device-mapper: uevent: version 1.0.3
[   14.793235] device-mapper: ioctl: 4.34.0-ioctl (2015-10-28) initialised: dm-devel@redhat.com
[   14.805720] ledtrig-cpu: registered to indicate activity on CPUs
[   14.822173] NET: Registered protocol family 10
[   14.823246] NET: Registered protocol family 17
[   14.824141] Key type dns_resolver registered
[   14.825174] microcode: CPU0 sig=0x506e3, pf=0x2, revision=0x0
[   14.826248] microcode: CPU1 sig=0x506e3, pf=0x2, revision=0x0
[   14.827230] microcode: Microcode Update Driver: v2.01 <tigran@aivazian.fsnet.co.uk>, Peter Oruba
[   14.836051] registered taskstats version 1
[   14.836916] Loading compiled-in X.509 certificates
[   14.838507] Loaded X.509 cert 'Build time autogenerated kernel key: d1010f9627fd9242df4b03365d2931dfd1ad3d42'
[   14.867586] zswap: loaded using pool lzo/zbud
[   14.897317] Key type trusted registered
[   14.951374] tsc: Refined TSC clocksource calibration: 3696.555 MHz
[   15.024674] clocksource: tsc: mask: 0xffffffffffffffff max_cycles: 0x6a913ff370a, max_idle_ns: 881590750306 ns
[   15.028850] Key type encrypted registered
[   15.028854] AppArmor: AppArmor sha1 policy hashing enabled
[   15.028856] ima: No TPM chip found, activating TPM-bypass!
[   15.028871] evm: HMAC attrs: 0x1
[   15.029141]   Magic number: 5:810:576
[   15.039448] rtc_cmos rtc_cmos: setting system clock to 2017-10-24 09:35:46 UTC (1508837746)
[   15.039513] BIOS EDD facility v0.16 2004-Jun-25, 0 devices found
[   15.039513] EDD information not available.
[   15.248332] Freeing unused kernel memory: 1492K
[   15.253406] Write protecting the kernel read-only data: 14336k
[   15.254599] Freeing unused kernel memory: 1748K
[   15.256776] Freeing unused kernel memory: 112K
Loading, please wait...
[   15.265450] random: systemd-udevd: uninitialized urandom read (16 bytes read, 3 bits of entropy available)
starting version 229
[   15.266060] random: udevadm: uninitialized urandom read (16 bytes read, 3 bits of entropy available)
[   15.266092] random: udevadm: uninitialized urandom read (16 bytes read, 3 bits of entropy available)
[   15.266207] random: udevadm: uninitialized urandom read (16 bytes read, 3 bits of entropy available)
[   15.266249] random: udevadm: uninitialized urandom read (16 bytes read, 3 bits of entropy available)
[   15.266289] random: udevadm: uninitialized urandom read (16 bytes read, 3 bits of entropy available)
[   15.266329] random: udevadm: uninitialized urandom read (16 bytes read, 3 bits of entropy available)
[   15.266367] random: udevadm: uninitialized urandom read (16 bytes read, 3 bits of entropy available)
[   15.266403] random: udevadm: uninitialized urandom read (16 bytes read, 3 bits of entropy available)
[   15.266441] random: udevadm: uninitialized urandom read (16 bytes read, 3 bits of entropy available)
[   15.473404] e1000: Intel(R) PRO/1000 Network Driver - version 7.3.21-k8-NAPI
[   15.485438] e1000: Copyright (c) 1999-2006 Intel Corporation.
[   15.489653] Fusion MPT base driver 3.04.20
[   15.491788] Copyright (c) 1999-2008 LSI Corporation
[   15.505302] Fusion MPT SPI Host driver 3.04.20
[   15.520499] AVX version of gcm_enc/dec engaged.
[   15.539341] AES CTR mode by8 optimization enabled
[   15.719989] input: ImExPS/2 Generic Explorer Mouse as /devices/platform/i8042/serio1/input/input4
[   15.862059] e1000 0000:00:03.0 eth0: (PCI:33MHz:32-bit) 02:14:68:3e:84:47
[   15.930188] e1000 0000:00:03.0 eth0: Intel(R) PRO/1000 Network Connection
[   16.326923] e1000 0000:00:08.0 eth1: (PCI:33MHz:32-bit) 08:00:27:47:70:89
[   16.443508] e1000 0000:00:08.0 eth1: Intel(R) PRO/1000 Network Connection
[   16.548946] mptbase: ioc0: Initiating bringup
[   16.549093] e1000 0000:00:08.0 enp0s8: renamed from eth1
[   16.655988] e1000 0000:00:03.0 enp0s3: renamed from eth0
[   16.711812] ioc0: LSI53C1030 A0: Capabilities={Initiator}
[   16.954721] scsi host2: ioc0: LSI53C1030 A0, FwRev=00000000h, Ports=1, MaxQ=256, IRQ=20
[   17.156071] scsi 2:0:0:0: Direct-Access     VBOX     HARDDISK         1.0  PQ: 0 ANSI: 5
[   17.188005] scsi target2:0:0: Beginning Domain Validation
[   17.219957] scsi target2:0:0: Domain Validation skipping write tests
[   17.222524] scsi target2:0:0: Ending Domain Validation
[   17.225260] scsi target2:0:0: asynchronous
[   17.249369] scsi 2:0:1:0: Direct-Access     VBOX     HARDDISK         1.0  PQ: 0 ANSI: 5
[   17.252511] scsi target2:0:1: Beginning Domain Validation
[   17.254321] scsi target2:0:1: Domain Validation skipping write tests
[   17.267494] scsi target2:0:1: Ending Domain Validation
[   17.269770] scsi target2:0:1: asynchronous
[   17.289977] sd 2:0:0:0: Attached scsi generic sg0 type 0
[   17.292152] sd 2:0:0:0: [sda] 20971520 512-byte logical blocks: (10.7 GB/10.0 GiB)
[   17.293367] sd 2:0:0:0: [sda] Write Protect is off
[   17.343998] sd 2:0:1:0: Attached scsi generic sg1 type 0
[   17.422391] sd 2:0:1:0: [sdb] 20480 512-byte logical blocks: (10.5 MB/10.0 MiB)
[   17.422528] sd 2:0:0:0: [sda] Incomplete mode parameter data
[   17.422529] sd 2:0:0:0: [sda] Assuming drive cache: write through
[   17.437390]  sda: sda1
[   17.437829] sd 2:0:0:0: [sda] Attached SCSI disk
[   17.735882] sd 2:0:1:0: [sdb] Write Protect is off
[   17.847460] sd 2:0:1:0: [sdb] Incomplete mode parameter data
[   17.972436] sd 2:0:1:0: [sdb] Assuming drive cache: write through
[   18.129859] sd 2:0:1:0: [sdb] Attached SCSI disk
[   18.488340] floppy0: no floppy controllers found
[   18.589443] work still pending
Begin: Loading e[   19.950463] md: linear personality registered for level -1
ssential drivers[   20.041244] md: multipath personality registered for level -4
 ... [   20.144929] md: raid0 personality registered for level 0
[   20.226792] md: raid1 personality registered for level 1
[   20.367471] raid6: sse2x1   gen() 10519 MB/s
[   20.443043] raid6: sse2x1   xor()  6345 MB/s
[   20.559817] raid6: sse2x2   gen() 12832 MB/s
[   20.696221] raid6: sse2x2   xor()  8820 MB/s
[   20.811043] raid6: sse2x4   gen() 14549 MB/s
[   20.922955] raid6: sse2x4   xor()  9693 MB/s
[   20.973262] raid6: using algorithm sse2x4 gen() 14549 MB/s
[   21.035107] raid6: .... xor() 9693 MB/s, rmw enabled
[   21.085131] raid6: using ssse3x2 recovery algorithm
[   21.103385] xor: automatically using best checksumming function:
[   21.191299]    avx       : 24828.000 MB/sec
[   21.244221] async_tx: api initialized (async)
[   21.297515] md: raid6 personality registered for level 6
[   21.362035] md: raid5 personality registered for level 5
[   21.416216] md: raid4 personality registered for level 4
[   21.463740] md: raid10 personality registered for level 10
done.
Begin: Running /scripts/init-p[   21.551409] Btrfs loaded
remount ... done.
Begin: Mounti[   21.618131] EXT4-fs (sda1): INFO: recovery required on readonly filesystem
ng root file system ... Begin: Running /scripts/[   21.621512] EXT4-fs (sda1): write access will be enabled during recovery
local-top ... done.
Begin: Running /scripts/local-premount ... Scanning for Btrfs filesystems
done.
Warning: fsck not present, so skipping root file system
[   21.708580] EXT4-fs (sda1): orphan cleanup on readonly fs
[   21.819101] EXT4-fs (sda1): 6 orphan inodes deleted
[   21.876945] EXT4-fs (sda1): recovery complete
[   21.928384] EXT4-fs (sda1): mounted filesystem with ordered data mode. Opts: (null)
done.
Begin: Running /scripts/local-bottom ... done.
Begin: Running /scripts/init-bottom ... done.
[   22.337459] systemd[1]: systemd 229 running in system mode. (+PAM +AUDIT +SELINUX +IMA +APPARMOR +SMACK +SYSVINIT +UTMP +LIBCRYPTSETUP +GCRYPT +GNUTLS +ACL +XZ -LZ4 +SECCOMP +BLKID +ELFUTILS +KMOD -IDN)
[   22.486317] systemd[1]: Detected virtualization oracle.
[   22.617600] systemd[1]: Detected architecture x86-64.
[   22.738582] random: nonblocking pool is initialized

Welcome to [1mUbuntu 16.04.3 LTS[0m!

[   22.909624] systemd[1]: Set hostname to <ubuntu-xenial>.
[   23.526485] systemd[1]: Listening on Device-mapper event daemon FIFOs.
[[0;32m  OK  [0m] Listening on Device-mapper event daemon FIFOs.
[   23.584061] systemd[1]: Listening on Journal Audit Socket.
[[0;32m  OK  [0m] Listening on Journal Audit Socket.
[   23.775381] systemd[1]: Created slice System Slice.
[[0;32m  OK  [0m] Created slice System Slice.
[   23.951521] systemd[1]: Listening on Syslog Socket.
[[0;32m  OK  [0m] Listening on Syslog Socket.
[   24.105059] systemd[1]: Listening on Journal Socket.
[[0;32m  OK  [0m] Listening on Journal Socket.
[   24.295812] systemd[1]: Mounting Debug File System...
         Mounting Debug File System...
[   24.419314] systemd[1]: Starting Set console keymap...
         Starting Set console keymap...
[   24.527714] systemd[1]: Starting Remount Root and Kernel File Systems...
         Starting Remount Root and Kernel File Systems...
[   24.549329] systemd[1]: Starting Uncomplicated firewall...
         [   24.572756] EXT4-fs (sda1): re-mounted. Opts: (null)
Starting Uncomplicated firewall...
[   24.684057] systemd[1]: Set up automount Arbitrary Executable File Formats File System Automount Point.
[[0;32m  OK  [0m] Set up automount Arbitrary Executab...ats File System Automount Point.
[   24.995343] systemd[1]: Starting Load Kernel Modules...
         Starting Load Kernel Modules...
[   25.063113] systemd[1]: Starting Nameserver information manager...
[   25.073412] Loading iSCSI transport class v2.0-870.
         Starting Nameser[   25.089136] iscsi: registered transport (tcp)
ver information manager...
[   25.187121] systemd[1]: Started Forward Password Requests to Wall Directory Watch.
[[0;32m  OK  [[   25.248908] iscsi: registered transport (iser)
0m] Started Forward Password Requests to Wall Directory Watch.
[   25.381266] systemd[1]: Started Trigger resolvconf update for networkd DNS.
[[0;32m  OK  [0m] Started Trigger resolvconf update for networkd DNS.
[   25.603137] systemd[1]: Listening on udev Control Socket.
[[0;32m  OK  [0m] Listening on udev Control Socket.
[   25.635096] systemd[1]: Starting Create list of required static device nodes for the current kernel...
         Starting Create list of required st... nodes for the current kernel...
[   25.777597] systemd[1]: Listening on LVM2 metadata daemon socket.
[[0;32m  OK  [0m] Listening on LVM2 metadata daemon socket.
[   25.959766] systemd[1]: Starting Monitoring of LVM2 mirrors, snapshots etc. using dmeventd or progress polling...
         Starting Monitoring of LVM2 mirrors... dmeventd or progress polling...
[   26.132053] systemd[1]: Reached target Encrypted Volumes.
[[0;32m  OK  [0m] Reached target Encrypted Volumes.
[   26.339161] systemd[1]: Reached target Swap.
[[0;32m  OK  [0m] Reached target Swap.
[   26.424209] systemd[1]: Created slice system-serial\x2dgetty.slice.
[[0;32m  OK  [0m] Created slice system-serial\x2dgetty.slice.
[   26.574540] systemd[1]: Listening on LVM2 poll daemon socket.
[[0;32m  OK  [0m] Listening on LVM2 poll daemon socket.
[   26.651864] systemd[1]: Mounting POSIX Message Queue File System...
         Mounting POSIX Message Queue File System...
[   26.748227] systemd[1]: Created slice User and Session Slice.
[[0;32m  OK  [0m] Created slice User and Session Slice.
[   26.867118] systemd[1]: Reached target Slices.
[[0;32m  OK  [0m] Reached target Slices.
[   26.989944] systemd[1]: Reached target User and Group Name Lookups.
[[0;32m  OK  [0m] Reached target User and Group Name Lookups.
[   27.118153] systemd[1]: Listening on Journal Socket (/dev/log).
[[0;32m  OK  [0m] Listening on Journal Socket (/dev/log).
[   27.339142] systemd[1]: Starting Journal Service...
         Starting Journal Service...
[   27.427965] systemd[1]: Listening on /dev/initctl Compatibility Named Pipe.
[[0;32m  OK  [0m] Listening on /dev/initctl Compatibility Named Pipe.
[   27.572272] systemd[1]: Listening on udev Kernel Socket.
[[0;32m  OK  [0m] Listening on udev Kernel Socket.
[   27.695545] systemd[1]: Mounting Huge Pages File System...
         Mounting Huge Pages File System...
[   27.763777] systemd[1]: Mounted Debug File System.
[[0;32m  OK  [0m] Mounted Debug File System.
[   27.852207] systemd[1]: Mounted Huge Pages File System.
[[0;32m  OK  [0m] Mounted Huge Pages File System.
[   27.975180] systemd[1]: Mounted POSIX Message Queue File System.
[[0;32m  OK  [0m] Mounted POSIX Message Queue File System.
[   28.135597] systemd[1]: Started Journal Service.
[[0;32m  OK  [0m] Started Journal Service.
[[0;32m  OK  [0m] Started Set console keymap.
[[0;32m  OK  [0m] Started Remount Root and Kernel File Systems.
[[0;32m  OK  [0m] Started Uncomplicated firewall.
[[0;32m  OK  [0m] Started Load Kernel Modules.
[[0;32m  OK  [0m] Started Create list of required sta...ce nodes for the current kernel.
[[0;32m  OK  [0m] Started Nameserver information manager.
[[0;32m  OK  [0m] Started LVM2 metadata daemon.
         Starting Create Static Device Nodes in /dev...
         Mounting FUSE Control File System...
         Starting Apply Kernel Variables...
         Starting Load/Save Random Seed...
         Starting udev Coldplug all Devices...
         Starting Initial cloud-init job (pre-networking)...
         Starting Flush Journal to Persistent Storage...
[[0;32m  OK  [0m] Mounted FUSE Control File System.
[[0;32m  OK  [0m] Started Create Static Device Nodes in /dev.
[[0;32m  OK  [0m] Started Apply Kernel Variables.
[[0;32m  OK  [0m] Started Load/Save Random Seed.
[[0;32m  OK  [0m] Started udev Coldplug all Devices.
         Starting udev Kernel Device Manager...
[[0;32m  OK  [0m] Started Monitoring of LVM2 mirrors,...ng dmeventd or progress polling.
[[0;32m  OK  [0m] Started Flush Journal to Persistent Storage.
[[0;32m  OK  [0m] Started udev Kernel Device Manager.
[[0;32m  OK  [0m] Started Dispatch Password Requests to Console Directory Watch.
[[0;32m  OK  [0m] Reached target Local File Systems (Pre).
[[0;32m  OK  [0m] Reached target Local File Systems.
         Starting LSB: AppArmor initialization...
         Starting Create Volatile Files and Directories...
         Starting Tell Plymouth To Write Out Runtime Data...
         Starting Set console font and keymap...
[[0;32m  OK  [0m] Started Create Volatile Files and Directories.
[[0;32m  OK  [0m] Started Tell Plymouth To Write Out Runtime Data.
[[0;32m  OK  [0m] Found device /dev/ttyS0.
[[0;32m  OK  [0m] Reached target System Time Synchronized.
         Starting Update UTMP about System Boot/Shutdown...
[[0;32m  OK  [0m] Started Update UTMP about System Boot/Shutdown.
[[0;32m  OK  [0m] Listening on Load/Save RF Kill Switch Status /dev/rfkill Watch.
[[0;32m  OK  [0m] Started LSB: AppArmor initialization.
[[0;32m  OK  [0m] Started Set console font and keymap.
[[0;32m  OK  [0m] Created slice system-getty.slice.
[   19.498795] cloud-init[458]: Cloud-init v. 0.7.9 running 'init-local' at Tue, 24 Oct 2017 09:36:02 +0000. Up 19.19 seconds.
[[0;32m  OK  [0m] Started Initial cloud-init job (pre-networking).
[[0;32m  OK  [0m] Reached target Network (Pre).
[[0;32m  OK  [0m] Started ifup for enp0s8.
[[0;32m  OK  [0m] Started ifup for enp0s3.
         Starting Raise network interfaces...
[[0;32m  OK  [0m] Started Raise network interfaces.
[[0;32m  OK  [0m] Reached target Network.
         Starting Initial cloud-init job (metadata service crawler)...
[   21.517236] cloud-init[1049]: Cloud-init v. 0.7.9 running 'init' at Tue, 24 Oct 2017 09:36:04 +0000. Up 21.07 seconds.
[[0;32m  OK  [0m] Started Initial cloud-init job (metadata service crawler).
[   21.672852] cloud-init[1049]: ci-info: ++++++++++++++++++++++++++++++++++++++Net device info++++++++++++++++++++++++++++++++++++++
[   21.872626] cloud-init[1049]: ci-info: +--------+------+-----------------------------+---------------+-------+-------------------+
[   22.033248] cloud-init[1049]: ci-info: | Device |  Up  |           Address           |      Mask     | Scope |     Hw-Address    |
[[0;32m  OK  [0m] Reached target Network is Online.
[   22.151658] cloud-init[1049]: ci-info: +--------+------+-----------------------------+---------------+-------+-------------------+
[   22.365363] cloud-init[1049]: ci-info: | enp0s8 | True |        192.168.33.10        | 255.255.255.0 |   .   | 08:00:27:47:70:89 |
         Starting iSCSI initiator daemon (iscsid)...
[[0;32m  OK  [0m] Reached target System Initialization.
[   22.503168] cloud-init[1049]: ci-info: | enp0s8 | True | fe80::a00:27ff:fe47:7089/64 |       .       |  link | 08:00:27:47:70:89 |
[   22.809532] cloud-init[1049]: ci-info: | enp0s3 | True |          10.0.2.15          | 255.255.255.0 |   .   | 02:14:68:3e:84:47 |
[[0;32m  OK  [0m] Listening on D-Bus System Message Bus Socket.
[   22.974970] cloud-init[1049]: ci-info: | enp0s3 | True |  fe80::14:68ff:fe3e:8447/64 |       .       |  link | 02:14:68:3e:84:47 |
[[0;32m  OK  [0m] Listening on ACPID Listen Socket.
[   23.104369] cloud-init[1049]: ci-info: |   lo   | True |          127.0.0.1          |   255.0.0.0   |   .   |         .         |
[   23.249043] cloud-init[1049]: ci-info: |   lo   | True |           ::1/128           |       .       |  host |         .         |
[   23.388434] cloud-init[1049]: ci-info: +--------+------+-----------------------------+---------------+-------+-------------------+
[   23.389085] cloud-init[1049]: ci-info: ++++++++++++++++++++++++++++Route IPv4 info++++++++++++++++++++++++++++
[   23.389184] cloud-init[1049]: ci-info: +-------+--------------+----------+---------------+-----------+-------+
[   23.389272] cloud-init[1049]: ci-info: | Route | Destination  | Gateway  |    Genmask    | Interface | Flags |
[   23.389356] cloud-init[1049]: ci-info: +-------+--------------+----------+---------------+-----------+-------+
[   23.389440] cloud-init[1049]: ci-info: |   0   |   0.0.0.0    | 10.0.2.2 |    0.0.0.0    |   enp0s3  |   UG  |
[   23.389524] cloud-init[1049]: ci-info: |   1   |   10.0.2.0   | 0.0.0.0  | 255.255.255.0 |   enp0s3  |   U   |
[   23.389545] cloud-init[1049]: ci-info: |   2   | 192.168.33.0 | 0.0.0.0  | 255.255.255.0 |   enp0s8  |   U   |
[   23.389566] cloud-init[1049]: ci-info: +-------+--------------+----------+---------------+-----------+-------+
[[0;32m  OK  [0m] Started Timer to automatically refresh installed snaps.
[[0;32m  OK  [0m] Started Timer to automatically fetch and run repair assertions.
[[0;32m  OK  [0m] Started Clean PHP session files every 30 mins.
[[0;32m  OK  [0m] Started Daily Cleanup of Temporary Directories.
[[0;32m  OK  [0m] Listening on UUID daemon activation socket.
[[0;32m  OK  [0m] Started Daily apt download activities.
         Starting Socket activation for snappy daemon.
[[0;32m  OK  [0m] Started ACPI Events Check.
[[0;32m  OK  [0m] Reached target Paths.
         Starting LXD - unix socket.
[[0;32m  OK  [0m] Started Daily apt upgrade and clean activities.
[[0;32m  OK  [0m] Reached target Timers.
[[0;32m  OK  [0m] Reached target Cloud-config availability.
[[0;32m  OK  [0m] Listening on Socket activation for snappy daemon.
[[0;32m  OK  [0m] Listening on LXD - unix socket.
[[0;32m  OK  [0m] Started iSCSI initiator daemon (iscsid).
         Starting Login to default iSCSI targets...
[[0;32m  OK  [0m] Reached target Sockets.
[[0;32m  OK  [0m] Reached target Basic System.
         Starting Login Service...
         Starting LSB: Record successful boot for GRUB...
         Starting LXD - container startup/shutdown...
         Starting System Logging Service...
         Starting Clean php session files...
         Starting MySQL Community Server...
         Starting OpenBSD Secure Shell server...
         Starting /etc/rc.local Compatibility...
         Starting Accounts Service...
[[0;32m  OK  [0m] Started Deferred execution scheduler.
[[0;32m  OK  [0m] Started ACPI event daemon.
         Starting Apply the settings specified in cloud-config...
[[0;32m  OK  [0m] Started Regular background program processing daemon.
[[0;32m  OK  [0m] Started FUSE filesystem for LXC.
         Starting Automatically fetch and run repair assertions...
         Starting LSB: MD monitoring daemon...
[[0;32m  OK  [0m] Started D-Bus System Message Bus.
[   25.061981] cloud-init[1157]: Cloud-init v. 0.7.9 running 'modules:config' at Tue, 24 Oct 2017 09:36:08 +0000. Up 24.76 seconds.
[[0;32m  OK  [0m] Started Unattended Upgrades Shutdown.
         Starting Snappy daemon...
[[0;32m  OK  [0m] Started System Logging Service.
[[0;32m  OK  [0m] Started OpenBSD Secure Shell server.
[[0;32m  OK  [0m] Started /etc/rc.local Compatibility.
[[0;32m  OK  [0m] Started Apply the settings specified in cloud-config.
[[0;32m  OK  [0m] Started Automatically fetch and run repair assertions.
[[0;32m  OK  [0m] Started Login Service.
         Starting Authenticate and Authorize Users to Run Privileged Tasks...
[[0;32m  OK  [0m] Started Login to default iSCSI targets.
[[0;32m  OK  [0m] Started LSB: Record successful boot for GRUB.
[[0;32m  OK  [0m] Reached target Remote File Systems (Pre).
[[0;32m  OK  [0m] Reached target Remote File Systems.
         Starting LSB: Apache2 web server...
         Starting LSB: automatic crash report generation...
         Starting LSB: VirtualBox Linux Additions...
         Starting LSB: Set the CPU Frequency Scaling governor to "ondemand"...
         Starting Permit User Sessions...
         Starting LSB: daemon to balance interrupts for SMP systems...
[[0;32m  OK  [0m] Started LSB: MD monitoring daemon.
[[0;32m  OK  [0m] Started LSB: Set the CPU Frequency Scaling governor to "ondemand".
[[0;32m  OK  [0m] Started Permit User Sessions.
         Starting Terminate Plymouth Boot Screen...
         Starting Hold until boot process finishes up...
[[0;32m  OK  [0m] Started LSB: daemon to balance interrupts for SMP systems.
[[0;32m  OK  [0m] Started LXD - container startup/shutdown.
[[0;32m  OK  [0m] Started Terminate Plymouth Boot Screen.
[[0;32m  OK  [0m] Started Hold until boot process finishes up.
[[0;32m  OK  [0m] Started Serial Getty on ttyS0.
         Starting Set console scheme...
[[0;32m  OK  [0m] Started Getty on tty1.
[[0;32m  OK  [0m] Reached target Login Prompts.
[[0;32m  OK  [0m] Started Authenticate and Authorize Users to Run Privileged Tasks.
[[0;32m  OK  [0m] Started LSB: automatic crash report generation.
[[0;32m  OK  [0m] Started LSB: VirtualBox Linux Additions.
[[0;32m  OK  [0m] Started Set console scheme.
[[0;32m  OK  [0m] Started Accounts Service.
[[0;32m  OK  [0m] Started Snappy daemon.
         Starting Auto import assertions from block devices...
[[0;32m  OK  [0m] Started Auto import assertions from block devices.
[[0;32m  OK  [0m] Started Clean php session files.
[[0;32m  OK  [0m] Started LSB: Apache2 web server.
[[0;32m  OK  [0m] Started MySQL Community Server.
[[0;32m  OK  [0m] Reached target Multi-User System.
[[0;32m  OK  [0m] Reached target Graphical Interface.
         Starting Update UTMP about System Runlevel Changes...
         Starting Execute cloud user/final scripts...
[[0;32m  OK  [0m] Created slice User Slice of ubuntu.
[[0;32m  OK  [0m] Started Session 1 of user ubuntu.
         Starting User Manager for UID 1000...
[[0;32m  OK  [0m] Started User Manager for UID 1000.
[[0;32m  OK  [0m] Started Update UTMP about System Runlevel Changes.
[   30.433671] cloud-init[1436]: Cloud-init v. 0.7.9 running 'modules:final' at Tue, 24 Oct 2017 09:36:13 +0000. Up 30.27 seconds.
[   30.532408] [cloud-init[0;32m  OK  [0m[1436]: ] Cloud-init v. 0.7.9 finished at Tue, 24 Oct 2017 09:36:13 +0000. Datasource DataSourceNoCloud [seed=/dev/sdb][dsmode=net].  Up 30.42 secondsStarted Execute cloud user/final scripts.

         Starting Daily apt download activities...
[[0;32m  OK  [0m] Reached target Cloud-init target.

Ubuntu 16.04.3 LTS ubuntu-xenial ttyS0

ubuntu-xenial login: [[0;32m  OK  [0m] Started ACPI event daemon.
         Stopping MySQL Community Server...
[[0;32m  OK  [0m] Stopped MySQL Community Server.
[[0;32m  OK  [0m] Started ACPI event daemon.
[[0;32m  OK  [0m] Stopped MySQL Community Server.
[[0;32m  OK  [0m] Started ACPI event daemon.
[[0;32m  OK  [0m] Started ACPI event daemon.
[[0;32m  OK  [0m] Started ACPI event daemon.
[[0;32m  OK  [0m] Stopped MySQL Community Server.
[[0;32m  OK  [0m] Started ACPI event daemon.
[[0;32m  OK  [0m] Started ACPI event daemon.
         Starting MySQL Community Server...
[[0;32m  OK  [0m] Started MySQL Community Server.
[[0;32m  OK  [0m] Started ACPI event daemon.
         Stopping MySQL Community Server...
[[0;32m  OK  [0m] Stopped MySQL Community Server.
         Starting MySQL Community Server...
[[0;32m  OK  [0m] Started MySQL Community Server.
[[0;32m  OK  [0m] Started Daily apt upgrade and clean activities.
